<?xml version="1.0" encoding="UTF-8"?>
<testng-results ignored="0" total="1" passed="1" failed="0" skipped="0">
  <reporter-output>
  </reporter-output>
  <suite started-at="2024-11-04T02:08:11 IST" name="Amazon Cart Automation" finished-at="2024-11-04T02:08:24 IST" duration-ms="13285">
    <groups>
    </groups>
    <test started-at="2024-11-04T02:08:11 IST" name="Add To Cart" finished-at="2024-11-04T02:08:24 IST" duration-ms="13285">
      <class name="com.priyalmultani.amazoncart.AmazonCartTest">
        <test-method is-config="true" signature="startUP()[pri:0, instance:com.priyalmultani.amazoncart.AmazonCartTest@6892b3b6]" started-at="2024-11-04T02:08:11 IST" name="startUP" finished-at="2024-11-04T02:08:15 IST" duration-ms="3407" status="PASS">
          <reporter-output>
          </reporter-output>
        </test-method> <!-- startUP -->
        <test-method signature="testAddToCart()[pri:0, instance:com.priyalmultani.amazoncart.AmazonCartTest@6892b3b6]" started-at="2024-11-04T02:08:15 IST" name="testAddToCart" finished-at="2024-11-04T02:08:24 IST" duration-ms="9578" status="PASS">
          <reporter-output>
          </reporter-output>
        </test-method> <!-- testAddToCart -->
        <test-method is-config="true" signature="tearDown()[pri:0, instance:com.priyalmultani.amazoncart.AmazonCartTest@6892b3b6]" started-at="2024-11-04T02:08:24 IST" name="tearDown" finished-at="2024-11-04T02:08:24 IST" duration-ms="264" status="PASS">
          <reporter-output>
          </reporter-output>
        </test-method> <!-- tearDown -->
      </class> <!-- com.priyalmultani.amazoncart.AmazonCartTest -->
    </test> <!-- Add To Cart -->
  </suite> <!-- Amazon Cart Automation -->
</testng-results>
